#! /c/Source/iverilog-install/bin/vvp
:ivl_version "12.0 (devel)" "(s20150603-1110-g18392a46)";
:ivl_delay_selection "TYPICAL";
:vpi_time_precision - 12;
:vpi_module "C:\iverilog\lib\ivl\system.vpi";
:vpi_module "C:\iverilog\lib\ivl\vhdl_sys.vpi";
:vpi_module "C:\iverilog\lib\ivl\vhdl_textio.vpi";
:vpi_module "C:\iverilog\lib\ivl\v2005_math.vpi";
:vpi_module "C:\iverilog\lib\ivl\va_math.vpi";
S_000001a06d872d20 .scope module, "pc_tb" "pc_tb" 2 3;
 .timescale -9 -12;
v000001a06d8a38a0_0 .var "clk", 0 0;
v000001a06d8a3940_0 .var "pc_in", 31 0;
v000001a06d8a39e0_0 .net "pc_out", 31 0, v000001a06d85a9a0_0;  1 drivers
v000001a06d8a3a80_0 .var "rst", 0 0;
v000001a06d8a3b20_0 .var "stall_pc", 0 0;
S_000001a06d872eb0 .scope module, "dut" "pc" 2 10, 3 3 0, S_000001a06d872d20;
 .timescale 0 0;
    .port_info 0 /INPUT 1 "clk";
    .port_info 1 /INPUT 1 "rst";
    .port_info 2 /INPUT 1 "stall_pc";
    .port_info 3 /INPUT 32 "pc_in";
    .port_info 4 /OUTPUT 32 "pc_out";
v000001a06d8733d0_0 .net "clk", 0 0, v000001a06d8a38a0_0;  1 drivers
v000001a06d85a900_0 .net "pc_in", 31 0, v000001a06d8a3940_0;  1 drivers
v000001a06d85a9a0_0 .var "pc_out", 31 0;
v000001a06d873040_0 .net "rst", 0 0, v000001a06d8a3a80_0;  1 drivers
v000001a06d8730e0_0 .net "stall_pc", 0 0, v000001a06d8a3b20_0;  1 drivers
E_000001a06d8aa9c0 .event posedge, v000001a06d8733d0_0;
    .scope S_000001a06d872eb0;
T_0 ;
    %wait E_000001a06d8aa9c0;
    %load/vec4 v000001a06d873040_0;
    %nor/r;
    %flag_set/vec4 8;
    %jmp/0xz  T_0.0, 8;
    %pushi/vec4 0, 0, 32;
    %assign/vec4 v000001a06d85a9a0_0, 0;
    %jmp T_0.1;
T_0.0 ;
    %load/vec4 v000001a06d8730e0_0;
    %flag_set/vec4 8;
    %jmp/0xz  T_0.2, 8;
    %load/vec4 v000001a06d85a9a0_0;
    %assign/vec4 v000001a06d85a9a0_0, 0;
    %jmp T_0.3;
T_0.2 ;
    %load/vec4 v000001a06d85a900_0;
    %assign/vec4 v000001a06d85a9a0_0, 0;
T_0.3 ;
T_0.1 ;
    %jmp T_0;
    .thread T_0;
    .scope S_000001a06d872d20;
T_1 ;
    %pushi/vec4 0, 0, 1;
    %store/vec4 v000001a06d8a38a0_0, 0, 1;
T_1.0 ;
    %delay 5000, 0;
    %load/vec4 v000001a06d8a38a0_0;
    %inv;
    %store/vec4 v000001a06d8a38a0_0, 0, 1;
    %jmp T_1.0;
    %end;
    .thread T_1;
    .scope S_000001a06d872d20;
T_2 ;
    %wait E_000001a06d8aa9c0;
    %vpi_call 2 26 "$display", "Time %0t ns: pc_in = %h, pc_out = %h, stall_pc = %b, rst = %b", $time, v000001a06d8a3940_0, v000001a06d8a39e0_0, v000001a06d8a3b20_0, v000001a06d8a3a80_0 {0 0 0};
    %jmp T_2;
    .thread T_2;
    .scope S_000001a06d872d20;
T_3 ;
    %vpi_call 2 32 "$dumpfile", "pc.vcd" {0 0 0};
    %vpi_call 2 33 "$dumpvars", 32'sb00000000000000000000000000000000, S_000001a06d872d20 {0 0 0};
    %pushi/vec4 1, 0, 1;
    %store/vec4 v000001a06d8a3a80_0, 0, 1;
    %pushi/vec4 0, 0, 1;
    %store/vec4 v000001a06d8a3b20_0, 0, 1;
    %pushi/vec4 0, 0, 32;
    %store/vec4 v000001a06d8a3940_0, 0, 32;
    %delay 3000, 0;
    %pushi/vec4 0, 0, 1;
    %store/vec4 v000001a06d8a3a80_0, 0, 1;
    %delay 10000, 0;
    %pushi/vec4 1, 0, 1;
    %store/vec4 v000001a06d8a3a80_0, 0, 1;
    %delay 10000, 0;
    %pushi/vec4 4, 0, 32;
    %store/vec4 v000001a06d8a3940_0, 0, 32;
    %delay 10000, 0;
    %pushi/vec4 8, 0, 32;
    %store/vec4 v000001a06d8a3940_0, 0, 32;
    %delay 10000, 0;
    %pushi/vec4 12, 0, 32;
    %store/vec4 v000001a06d8a3940_0, 0, 32;
    %pushi/vec4 1, 0, 1;
    %store/vec4 v000001a06d8a3b20_0, 0, 1;
    %pushi/vec4 16, 0, 32;
    %store/vec4 v000001a06d8a3940_0, 0, 32;
    %delay 10000, 0;
    %delay 10000, 0;
    %pushi/vec4 0, 0, 1;
    %store/vec4 v000001a06d8a3b20_0, 0, 1;
    %pushi/vec4 20, 0, 32;
    %store/vec4 v000001a06d8a3940_0, 0, 32;
    %delay 10000, 0;
    %delay 20000, 0;
    %vpi_call 2 63 "$finish" {0 0 0};
    %end;
    .thread T_3;
# The file index is used to find the file name in the following table.
:file_names 4;
    "N/A";
    "<interactive>";
    "Verification/pc_tb.v";
    "RTL/pc.v";
